C51 COMPILER V9.00   MAIN                                                                  03/05/2024 16:05:22 PAGE 1   


C51 COMPILER V9.00, COMPILATION OF MODULE MAIN
OBJECT MODULE PLACED IN .\Objects\main.obj
COMPILER INVOKED BY: E:\Keil4\C51\BIN\C51.EXE User\main.c BROWSE INCDIR(.\App\24c02;.\App\iic;.\App\serial_debug;.\Publi
                    -c) DEBUG OBJECTEXTEND PRINT(.\Listings\main.lst) OBJECT(.\Objects\main.obj)

line level    source

   1          #include<reg52.h>
   2          #include<24c02.h>
   3          #include<serial_debug.h>
   4          
   5          sbit K1=P3^1;
   6          
   7          void main()
   8          { 
   9   1        UartInit();
  10   1              while(1)
  11   1              {
  12   2                      at24c02_write_one_byte(10,20);
  13   2                      printf("%bd \r\n",at24c02_read_one_byte(10));   
  14   2                      if(K1 == 0){
  15   3                              iic_stop();
*** WARNING C206 IN LINE 15 OF USER\MAIN.C: 'iic_stop': missing function-prototype
  16   3                      }
  17   2              }
  18   1              
  19   1              
  20   1              
  21   1              
  22   1              
  23   1              
  24   1      }


MODULE INFORMATION:   STATIC OVERLAYABLE
   CODE SIZE        =     34    ----
   CONSTANT SIZE    =      7    ----
   XDATA SIZE       =   ----    ----
   PDATA SIZE       =   ----    ----
   DATA SIZE        =   ----    ----
   IDATA SIZE       =   ----    ----
   BIT SIZE         =   ----    ----
END OF MODULE INFORMATION.


C51 COMPILATION COMPLETE.  1 WARNING(S),  0 ERROR(S)
