C51 COMPILER V9.00   KEY                                                                   04/07/2024 17:00:02 PAGE 1   


C51 COMPILER V9.00, COMPILATION OF MODULE KEY
OBJECT MODULE PLACED IN .\Objects\Key.obj
COMPILER INVOKED BY: E:\Keil4\C51\BIN\C51.EXE Key.c BROWSE DEBUG OBJECTEXTEND PRINT(.\Listings\Key.lst) OBJECT(.\Objects
                    -\Key.obj)

line level    source

   1          #include <REGX52.H>
   2          #include "Delay.h"
   3          
   4          /**
   5            * @brief  获取单片机按键编码
   6            * @param  无
   7            * @retval 按下按键的键码，范围：1~4，无按键按下时返回值为0
   8            */
   9          {
*** ERROR C141 IN LINE 9 OF KEY.C: syntax error near '{'
  10                  unsigned char KeyNumber=0;
  11                  
  12                  if(P3_1==0){Delay(20);while(P3_1==0);Delay(20);KeyNumber=1;}
*** ERROR C141 IN LINE 12 OF KEY.C: syntax error near 'if'
*** ERROR C141 IN LINE 12 OF KEY.C: syntax error near '==', expected ')'
*** ERROR C141 IN LINE 12 OF KEY.C: syntax error near '20'
*** ERROR C231 IN LINE 12 OF KEY.C: '_Delay': redefinition
*** ERROR C141 IN LINE 12 OF KEY.C: syntax error near 'while'
*** ERROR C141 IN LINE 12 OF KEY.C: syntax error near '==', expected ')'
*** ERROR C141 IN LINE 12 OF KEY.C: syntax error near '20'
*** ERROR C231 IN LINE 12 OF KEY.C: '_Delay': redefinition
*** ERROR C279 IN LINE 12 OF KEY.C: 'KeyNumber': multiple initialization
*** ERROR C231 IN LINE 12 OF KEY.C: 'KeyNumber': redefinition
*** ERROR C141 IN LINE 12 OF KEY.C: syntax error near '}'
  13                  if(P3_0==0){Delay(20);while(P3_0==0);Delay(20);KeyNumber=2;}
*** ERROR C141 IN LINE 13 OF KEY.C: syntax error near '==', expected ')'
*** ERROR C141 IN LINE 13 OF KEY.C: syntax error near '20'
*** ERROR C231 IN LINE 13 OF KEY.C: '_Delay': redefinition
*** ERROR C141 IN LINE 13 OF KEY.C: syntax error near 'while'
*** ERROR C141 IN LINE 13 OF KEY.C: syntax error near '==', expected ')'
*** ERROR C141 IN LINE 13 OF KEY.C: syntax error near '20'
*** ERROR C231 IN LINE 13 OF KEY.C: '_Delay': redefinition
*** ERROR C279 IN LINE 13 OF KEY.C: 'KeyNumber': multiple initialization
*** ERROR C141 IN LINE 13 OF KEY.C: syntax error near '}'
  14                  if(P3_2==0){Delay(20);while(P3_2==0);Delay(20);KeyNumber=3;}
*** ERROR C141 IN LINE 14 OF KEY.C: syntax error near '==', expected ')'
*** ERROR C141 IN LINE 14 OF KEY.C: syntax error near '20'
*** ERROR C231 IN LINE 14 OF KEY.C: '_Delay': redefinition
*** ERROR C141 IN LINE 14 OF KEY.C: syntax error near 'while'
*** ERROR C141 IN LINE 14 OF KEY.C: syntax error near '==', expected ')'
*** ERROR C141 IN LINE 14 OF KEY.C: syntax error near '20'
*** ERROR C231 IN LINE 14 OF KEY.C: '_Delay': redefinition
*** ERROR C279 IN LINE 14 OF KEY.C: 'KeyNumber': multiple initialization
*** ERROR C141 IN LINE 14 OF KEY.C: syntax error near '}'
  15                  if(P3_3==0){Delay(20);while(P3_3==0);Delay(20);KeyNumber=4;}
*** ERROR C141 IN LINE 15 OF KEY.C: syntax error near '==', expected ')'
*** ERROR C141 IN LINE 15 OF KEY.C: syntax error near '20'
*** ERROR C231 IN LINE 15 OF KEY.C: '_Delay': redefinition
*** ERROR C141 IN LINE 15 OF KEY.C: syntax error near 'while'
*** ERROR C141 IN LINE 15 OF KEY.C: syntax error near '==', expected ')'
*** ERROR C141 IN LINE 15 OF KEY.C: syntax error near '20'
*** ERROR C231 IN LINE 15 OF KEY.C: '_Delay': redefinition
*** ERROR C279 IN LINE 15 OF KEY.C: 'KeyNumber': multiple initialization
*** ERROR C141 IN LINE 15 OF KEY.C: syntax error near '}'
C51 COMPILER V9.00   KEY                                                                   04/07/2024 17:00:02 PAGE 2   

  16                  
  17                  return KeyNumber;
  18          }
*** ERROR C141 IN LINE 18 OF KEY.C: syntax error near '}'

C51 COMPILATION COMPLETE.  0 WARNING(S),  40 ERROR(S)
