C51 COMPILER V9.00   24C02                                                                 03/12/2024 14:42:16 PAGE 1   


C51 COMPILER V9.00, COMPILATION OF MODULE 24C02
OBJECT MODULE PLACED IN .\Objects\24c02.obj
COMPILER INVOKED BY: E:\Keil4\C51\BIN\C51.EXE App\24c02\24c02.c LARGE BROWSE INCDIR(.\App\24c02;.\App\iic;.\App\serial_d
                    -ebug;.\Public) DEBUG OBJECTEXTEND PRINT(.\Listings\24c02.lst) OBJECT(.\Objects\24c02.obj)

line level    source

   1          #include "24c02.h"
   2          #include "iic.h"
   3          
   4          
   5          void at24c02_write_one_byte(u8 addr,u8 dat)
   6          {                                                                                                                                                                                
   7   1          iic_start();  
   8   1              iic_write_byte(0XA0);   //发送写命令              
   9   1              iic_wait_ack();    
  10   1          iic_write_byte(addr);       //发送写地址   
  11   1              iic_wait_ack();                                                                                                            
  12   1              iic_write_byte(dat);    //发送字节                                                         
  13   1              iic_wait_ack();                            
  14   1          iic_stop();                         //产生一个停止条件
  15   1              delay_ms(10);    
  16   1      }
  17          
  18          
  19          u8 at24c02_read_one_byte(u8 addr)
  20          {                                 
  21   1              u8 temp=0;                                                                                                                                                       
  22   1          iic_start();  
  23   1              iic_write_byte(0XA0);   //发送写命令       
  24   1              iic_wait_ack(); 
  25   1          iic_write_byte(addr);       //发送写地址  
  26   1              iic_wait_ack();     
  27   1              iic_start();               
  28   1              iic_write_byte(0XA1);   //进入接收模式                             
  29   1              iic_wait_ack();  
  30   1          temp=iic_read_byte(0);      //读取字节                 
  31   1          iic_stop();                         //产生一个停止条件    
  32   1              return temp;                    //返回读取的数据
  33   1      }
  34          


MODULE INFORMATION:   STATIC OVERLAYABLE
   CODE SIZE        =    111    ----
   CONSTANT SIZE    =   ----    ----
   XDATA SIZE       =   ----       4
   PDATA SIZE       =   ----    ----
   DATA SIZE        =   ----    ----
   IDATA SIZE       =   ----    ----
   BIT SIZE         =   ----    ----
END OF MODULE INFORMATION.


C51 COMPILATION COMPLETE.  0 WARNING(S),  0 ERROR(S)
