C51 COMPILER V9.00   DISPLAY                                                               03/07/2024 15:31:42 PAGE 1   


C51 COMPILER V9.00, COMPILATION OF MODULE DISPLAY
OBJECT MODULE PLACED IN .\Objects\display.obj
COMPILER INVOKED BY: E:\Keil4\C51\BIN\C51.EXE App\smg\display.c BROWSE INCDIR(.\Public;.\App\smg;.\App\24c02;.\App\iic;.
                    -\App\serial_debug;.\Public) DEBUG OBJECTEXTEND PRINT(.\Listings\display.lst) OBJECT(.\Objects\display.obj)

line level    source

   1          #include "reg52.h"
   2          #include "public.h"
   3          #include "display.h"
   4          
   5          u8 mb[2];
   6          
   7          /*******************************************************************************
   8          * 函 数 名         : Timer0Init
   9          * 函数功能                 : 定时器0初始化
  10          * 输    入         : 无
  11          * 输    出         : 无
  12          *******************************************************************************/
  13          void Timer0Init()
  14          {
  15   1              TMOD|=0X01;//选择为定时器0模式，工作方式1，仅用TR0打开启动。
  16   1              TH0=0XFC;       //给定时器赋初值，定时1ms
  17   1              TL0=0X18;       
  18   1              TR0=1;//打开定时器                      
  19   1      }
  20          
  21          /*******************************************************************************
  22          * 函 数 名         : DigDisplay
  23          * 函数功能                 : 数码管动态扫描函数，循环扫描2个数码管显示
  24          *******************************************************************************/
  25          void DigDisplay()
  26          {
  27   1              u8 i;
  28   1              for(i=0;i<2;i++)
  29   1              {
  30   2                      switch(i)        //位选，选择点亮的数码管，
  31   2                      {
  32   3                              case(0):
  33   3                                      LSA=0;LSB=0;LSC=0; break;//显示第0位
  34   3                              case(1):
  35   3                                      LSA=1;LSB=0;LSC=0; break;//显示第1位    
  36   3                      }
  37   2                      P0=smgduan[mb[i]];//发送段码
  38   2                      delay(1); //间隔一段时间扫描    
  39   2                      P0=0x00;//消隐
  40   2              }
  41   1      }


MODULE INFORMATION:   STATIC OVERLAYABLE
   CODE SIZE        =     65    ----
   CONSTANT SIZE    =     17    ----
   XDATA SIZE       =   ----    ----
   PDATA SIZE       =   ----    ----
   DATA SIZE        =      2       1
   IDATA SIZE       =   ----    ----
   BIT SIZE         =   ----    ----
END OF MODULE INFORMATION.


C51 COMPILATION COMPLETE.  0 WARNING(S),  0 ERROR(S)
