C51 COMPILER V9.00   MAIN                                                                  03/12/2024 14:45:42 PAGE 1   


C51 COMPILER V9.00, COMPILATION OF MODULE MAIN
OBJECT MODULE PLACED IN .\Objects\main.obj
COMPILER INVOKED BY: E:\Keil4\C51\BIN\C51.EXE User\main.c LARGE BROWSE INCDIR(.\App;.\App\24c02;.\App\smg;.\App\24c02;.\
                    -App\iic;.\App\serial_debug;.\Public) DEBUG OBJECTEXTEND PRINT(.\Listings\main.lst) OBJECT(.\Objects\main.obj)

line level    source

   1          #include<reg52.h>
   2          #include<24c02.h>
   3          //#include<serial_debug.h>
   4          
   5          #define EEPROM_ADDRESS  0       //定义数据存入EEPROM的起始地址
   6          
   7          //定义数码管引脚
   8          sbit LSA=P2^2;
   9          sbit LSB=P2^3;
  10          sbit LSC=P2^4;
  11          
  12          //定义数码管显示
  13          u8 code smgduan[17]={0x3f,0x06,0x5b,0x4f,0x66,0x6d,0x7d,0x07,
  14                                                  0x7f,0x6f,0x77,0x7c,0x39,0x5e,0x79,0x71};//显示0~F的值
  15          
  16          u16 s = 0;
  17          u8 mb[2];
  18          u8 sec = 0;
  19          
  20          
  21          void Timer0Init()
  22          {
  23   1              TMOD|=0X01;//选择为定时器0模式，工作方式1，仅用TR0打开启动。
  24   1              TH0=0XFC;       //给定时器赋初值，定时1ms
  25   1              TL0=0X18;       
  26   1              TR0=1;//打开定时器                      
  27   1      }
  28          
  29          
  30          void DigDisplay()
  31          {
  32   1              u8 i;
  33   1              for(i=0;i<2;i++)
  34   1              {
  35   2                      switch(i)        //位选，选择点亮的数码管，
  36   2                      {
  37   3                              case(0):
  38   3                                      LSA=0;LSB=0;LSC=0; break;//显示第0位
  39   3                              case(1):
  40   3                                      LSA=1;LSB=0;LSC=0; break;//显示第1位    
  41   3                      }
  42   2                      P0=smgduan[mb[i]];//发送段码
  43   2                      delay(10); //间隔一段时间扫描   
  44   2                      P0=0x00;//消隐
  45   2              }
  46   1      }
  47          
  48          
  49          void main()
  50          {       
  51   1              Timer0Init();
  52   1              while(1)
  53   1              {
  54   2                      sec = at24c02_read_one_byte(EEPROM_ADDRESS);
C51 COMPILER V9.00   MAIN                                                                  03/12/2024 14:45:42 PAGE 2   

  55   2      
  56   2                      if(TF0==1)
  57   2                      {
  58   3                              TF0=0;
  59   3                              TH0=0XFC;       //给定时器赋初值，定时1ms
  60   3                              TL0=0X18;
  61   3                              s++;
  62   3                      }
  63   2                      if(s==220)               //到达1s时间，调整
  64   2                      {       
  65   3                              s = 0;
  66   3                              sec++;
  67   3                              if(sec==100) sec=0;      //计时到99秒后重新开始
  68   3                              at24c02_write_one_byte(EEPROM_ADDRESS,sec);
  69   3                      }
  70   2                      mb[0]=sec%10;      //秒表个位
  71   2                  mb[1]=sec/10;          //秒表十位
  72   2                      DigDisplay();
  73   2              }
  74   1      }


MODULE INFORMATION:   STATIC OVERLAYABLE
   CODE SIZE        =    186    ----
   CONSTANT SIZE    =     17    ----
   XDATA SIZE       =      5       1
   PDATA SIZE       =   ----    ----
   DATA SIZE        =   ----    ----
   IDATA SIZE       =   ----    ----
   BIT SIZE         =   ----    ----
END OF MODULE INFORMATION.


C51 COMPILATION COMPLETE.  0 WARNING(S),  0 ERROR(S)
