C51 COMPILER V9.54   DAIMA                                                                 10/10/2023 15:01:01 PAGE 1   


C51 COMPILER V9.54, COMPILATION OF MODULE DAIMA
OBJECT MODULE PLACED IN .\Objects\daima.obj
COMPILER INVOKED BY: C:\Keil5_C51\C51\BIN\C51.EXE daima.c OPTIMIZE(8,SPEED) BROWSE DEBUG OBJECTEXTEND PRINT(.\Listings\d
                    -aima.lst) TABS(2) OBJECT(.\Objects\daima.obj)

line level    source

   1          #include <REGX52.H>
   2          
   3          sbit C=P2^4;
   4          sbit B1=P2^3;
   5          sbit A=P2^2;
   6          
   7          unsigned char code table[]={0x3F,0x06,0x5B,0x4F,0x66,0x6D,0x7D,0x07,0x7F,0x6F};  //数码管显示的数字
   8          
   9          
  10          
  11          //延迟函数
  12          void Delay10000ms()   //@11.0592MHz
  13          {
  14   1        unsigned char i, j, k;
  15   1      
  16   1        i = 1000;
  17   1        j = 59;
  18   1        k = 28;
  19   1        do
  20   1        {
  21   2          do
  22   2          {
  23   3            while (--k);
  24   3          } while (--j);
  25   2        } while (--i);
  26   1      }
  27          
  28          
  29          void main()
  30          {
  31   1        int time=24;
  32   1        int count=0;
  33   1        while(1)
  34   1        {
  35   2          while(time>0)
  36   2          {
  37   3            //000数码管第一位
  38   3            C=1;
  39   3            B1=1;
  40   3            A=1;
  41   3            P0=table[time/10];
  42   3            P0=0;
  43   3            Delay10000ms();
  44   3            //001数码管第二位
  45   3            C=1;
  46   3            B1=1;
  47   3            A=0;
  48   3            P0=table[time%10];
  49   3            P0=0;
  50   3            
  51   3            Delay10000ms();
  52   3      
  53   3            time--;
  54   3          }
C51 COMPILER V9.54   DAIMA                                                                 10/10/2023 15:01:01 PAGE 2   

  55   2        
  56   2          
  57   2          if(time==0)
  58   2            { 
  59   3              while(1)
  60   3              {
  61   4              //000数码管第一位
  62   4              C=1;
  63   4              B1=1;
  64   4              A=1;
  65   4              P0=table[time/10];
  66   4              P0=0;
  67   4              Delay10000ms();
  68   4              //000数码管第二位
  69   4              C=1;
  70   4              B1=1;
  71   4              A=0;
  72   4              P0=table[time%10];
  73   4              P0=0;
  74   4            
  75   4              Delay10000ms();
  76   4              }
  77   3            }
  78   2             
  79   2        }
  80   1      }
  81          
  82          
  83          


MODULE INFORMATION:   STATIC OVERLAYABLE
   CODE SIZE        =    122    ----
   CONSTANT SIZE    =     10    ----
   XDATA SIZE       =   ----    ----
   PDATA SIZE       =   ----    ----
   DATA SIZE        =   ----       2
   IDATA SIZE       =   ----    ----
   BIT SIZE         =   ----    ----
END OF MODULE INFORMATION.


C51 COMPILATION COMPLETE.  0 WARNING(S),  0 ERROR(S)
