C51 COMPILER V9.54   MAIOBIAO                                                              10/17/2023 14:33:49 PAGE 1   


C51 COMPILER V9.54, COMPILATION OF MODULE MAIOBIAO
OBJECT MODULE PLACED IN .\Objects\maiobiao.obj
COMPILER INVOKED BY: C:\Keil5_C51\C51\BIN\C51.EXE maiobiao.c OPTIMIZE(8,SPEED) BROWSE DEBUG OBJECTEXTEND PRINT(.\Listing
                    -s\maiobiao.lst) TABS(2) OBJECT(.\Objects\maiobiao.obj)

line level    source

   1          /*√Î±Ì
   2          
   3          
   4          
   5          */
   6          #include<reg52.h>
   7          #define uint unsigned int
   8          #define uchar unsigned char
   9          sbit wela=P2^7;
  10          sbit dula=P2^6;
  11          uchar code table[]={
  12          0x3f,0x06,0x5b,0x4f,
  13          0x66,0x6d,0x7d,0x07,
  14          0x7f,0x6f,0x77,0x7c,
  15          0x39,0x5e,0x79,0x71};
  16          void init();
  17          void display(uchar fen,miao1,miao2);
  18          void delay(uchar);
  19          uchar tt,fen,miao1,miao2,temp;
  20          void main()
  21          {
  22   1      init();
  23   1      while(1)
  24   1      { fen=temp/100; //?????????fen,miao1,miao2.??;
  25   2      miao1=temp%100/10;
  26   2      miao2=temp%10;
  27   2      display(fen,miao1,miao2);
  28   2      if(tt==10) //????????????,??,???????,????10????????,
  29   2      //???1,??miao2????,????;
  30   2      {
  31   3      tt=0;
  32   3      temp++;
  33   3      if(temp==200)// ?????????200???;
  34   3      temp=0;
  35   3      }
  36   2      }
  37   1      }
  38          void display(uchar fen,miao1,miao2)
  39          {
  40   1      wela=1;
  41   1      P0=0xfe;
  42   1      wela=0;
  43   1      dula=1;
  44   1      P0=table[fen];
  45   1      dula=0;
  46   1      delay(5);
  47   1      wela=1;
  48   1      P0=0xfd;
  49   1      wela=0;
  50   1      dula=1;
  51   1      P0=table[miao1];
  52   1      dula=0;
  53   1      delay(5);
  54   1      wela=1;
C51 COMPILER V9.54   MAIOBIAO                                                              10/17/2023 14:33:49 PAGE 2   

  55   1      P0=0xfb;
  56   1      wela=0;
  57   1      dula=1;
  58   1      P0=table[miao2];
  59   1      dula=0;
  60   1      delay(5);
  61   1      }
  62          void delay(uchar z)
  63          {
  64   1      uchar x,y;
  65   1      for(x=z;x>0;x--)
  66   1      for(y=110;y>0;y--);
  67   1      }
  68          void init()
  69          {
  70   1      temp=0;
  71   1      TMOD=0x10;
  72   1      TH1=(65536-10000)/256;//?????????1?????;
  73   1      TL1=(65536-10000)%256;//??
  74   1      EA=1;
  75   1      ET1=1; //??
  76   1      TR1=1; //??
  77   1      }
  78          void timer1() interrupt 3 //?????
  79          {
  80   1      TH1=(65536-10000)/256;
  81   1      TL1=(65536-10000)%256;
  82   1      tt++;
  83   1      }


MODULE INFORMATION:   STATIC OVERLAYABLE
   CODE SIZE        =    199    ----
   CONSTANT SIZE    =     16    ----
   XDATA SIZE       =   ----    ----
   PDATA SIZE       =   ----    ----
   DATA SIZE        =      5       4
   IDATA SIZE       =   ----    ----
   BIT SIZE         =   ----    ----
END OF MODULE INFORMATION.


C51 COMPILATION COMPLETE.  0 WARNING(S),  0 ERROR(S)
