C51 COMPILER V9.54   PROGRAM3                                                              10/10/2023 15:49:19 PAGE 1   


C51 COMPILER V9.54, COMPILATION OF MODULE PROGRAM3
OBJECT MODULE PLACED IN .\Objects\program3.obj
COMPILER INVOKED BY: C:\Keil5_C51\C51\BIN\C51.EXE program3.c OPTIMIZE(8,SPEED) BROWSE DEBUG OBJECTEXTEND PRINT(.\Listing
                    -s\program3.lst) TABS(2) OBJECT(.\Objects\program3.obj)

line level    source

   1          #include <REGX52.H>
   2          
   3          sbit C=P2^4;
   4          sbit B1=P2^3;
   5          sbit A=P2^2;
   6          
   7          unsigned char code table[]={0x3F,0x06,0x5B,0x4F,0x66,0x6D,0x7D,0x07,0x7F,0x6F};  //数码管显示的数字
   8          
   9          
  10          
  11          //延迟函数
  12          void delay1s(void)
  13          {
  14   1        unsigned char h,i,j,k;
  15   1        for(h=50;h>0;h--)
  16   1        for(i=400;i>0;i--)
  17   1        for(j=116;j>0;j--)
  18   1        for(k=214;k>0;k--);
  19   1      }
  20          
  21          
  22          
  23          void main()
  24          {
  25   1        int time=24;
  26   1        int count=0;
  27   1        while(1)
  28   1        {
  29   2          while(time=1)
*** WARNING C276 IN LINE 29 OF program3.c: constant in condition expression
  30   2          {
  31   3            //000数码管第一位
  32   3            C=1;
  33   3            B1=1;
  34   3            A=1;
  35   3            P0=table[time/10];
  36   3            P0=0;
  37   3            delay1s();
  38   3            //001数码管第二位
  39   3      
  40   3            
  41   3          }
  42   2      
  43   2      
  44   2             
  45   2        }
  46   1      }
  47          


MODULE INFORMATION:   STATIC OVERLAYABLE
   CODE SIZE        =     65    ----
   CONSTANT SIZE    =     10    ----
   XDATA SIZE       =   ----    ----
C51 COMPILER V9.54   PROGRAM3                                                              10/10/2023 15:49:19 PAGE 2   

   PDATA SIZE       =   ----    ----
   DATA SIZE        =   ----       2
   IDATA SIZE       =   ----    ----
   BIT SIZE         =   ----    ----
END OF MODULE INFORMATION.


C51 COMPILATION COMPLETE.  1 WARNING(S),  0 ERROR(S)
