C51 COMPILER V9.54   PROGRAM2                                                              10/17/2023 17:02:32 PAGE 1   


C51 COMPILER V9.54, COMPILATION OF MODULE PROGRAM2
OBJECT MODULE PLACED IN .\Objects\program2.obj
COMPILER INVOKED BY: C:\Keil5_C51\C51\BIN\C51.EXE program2.c OPTIMIZE(8,SPEED) BROWSE DEBUG OBJECTEXTEND PRINT(.\Listing
                    -s\program2.lst) TABS(2) OBJECT(.\Objects\program2.obj)

line level    source

   1          #include <reg52.H>
   2          
   3          sbit C=P2^4;
   4          sbit B1=P2^3;
   5          sbit A=P2^2;
   6          sbit key=P3^2;
   7          sbit key2=P3^1;
   8          
   9          unsigned char code table[]={0x3F,0x06,0x5B,0x4F,0x66,0x6D,0x7D,0x07,0x7F,0x6F};  //数码管显示的数字
  10          //0x3f = 0011 1111  1100  0000  0000 0110
  11          
  12          void main()
  13          {
  14   1      
  15   1        
  16   1        int time=24;
  17   1        int count=0;
  18   1        while(1)
  19   1        {
  20   2          if(key==0){
  21   3            while(1){
  22   4            time=24;
  23   4            C=1;
  24   4            B1=1;
  25   4            A=1;
  26   4            P0=table[time/10];
  27   4            P0=0;
  28   4            
  29   4            //001数码管第二位
  30   4            C=1;
  31   4            B1=1;
  32   4            A=0;
  33   4            P0=table[time%10];
  34   4            P0=0;
  35   4            if(key2=0){
*** WARNING C276 IN LINE 35 OF program2.c: constant in condition expression
  36   5              break;
  37   5            }
  38   4          }
  39   3            
  40   3        }
  41   2          
  42   2          while(1)
  43   2          {
  44   3            
  45   3      
  46   3            //000数码管第一位
  47   3            C=1;              
  48   3            B1=1;
  49   3            A=1;
  50   3            P0=table[time/10];
  51   3            P0=0;
  52   3            
  53   3            //001数码管第二位
C51 COMPILER V9.54   PROGRAM2                                                              10/17/2023 17:02:32 PAGE 2   

  54   3            C=1;
  55   3            B1=1;
  56   3            A=0;
  57   3            P0=table[time%10];
  58   3            P0=0;
  59   3            
  60   3            if(key3 == 0){
*** ERROR C202 IN LINE 60 OF program2.c: 'key3': undefined identifier
  61   4              while(1){
  62   5                C=1;              
  63   5                B1=1;
  64   5                A=1;
  65   5                P0=table[time/10];
  66   5                P0=0;
  67   5            
  68   5                //001私毛拙位
  69   5                C=1;
  70   5                B1=1;
  71   5                A=0;
  72   5                P0=table[time%10];
  73   5                P0=0;
  74   5                if(key2 == 0){
  75   6                  break;
  76   6                }
  77   5              }
  78   4            }
  79   3      
  80   3      
  81   3            count++;
  82   3      
  83   3            if(count==25000)
  84   3            {
  85   4              count=0;
  86   4              time--;
  87   4              break;
  88   4            }
  89   3          }
  90   2            if(time==0)
  91   2            { 
  92   3              while(1)
  93   3              {
  94   4                //000数码管第一位
  95   4                C=1;
  96   4                B1=1;
  97   4                A=1;
  98   4                P0=table[time/10];
  99   4                P0=0;
 100   4            
 101   4                //000数码管第二位
 102   4                C=1;
 103   4                B1=1;
 104   4                A=0;
 105   4                P0=table[time%10];
 106   4                P0=0;
 107   4            
 108   4                count++;
 109   4                if(count==25000)
 110   4                { 
 111   5      
 112   5                  break;
 113   5                }
 114   4            
C51 COMPILER V9.54   PROGRAM2                                                              10/17/2023 17:02:32 PAGE 3   

 115   4              }
 116   3              break;
 117   3            }
 118   2           
 119   2        }
 120   1      }

C51 COMPILATION COMPLETE.  1 WARNING(S),  1 ERROR(S)
