C51 COMPILER V9.54   QESTION1                                                              10/17/2023 15:17:18 PAGE 1   


C51 COMPILER V9.54, COMPILATION OF MODULE QESTION1
OBJECT MODULE PLACED IN .\Objects\qestion1.obj
COMPILER INVOKED BY: C:\Keil5_C51\C51\BIN\C51.EXE ..\√Î±Ì\qestion1.c OPTIMIZE(8,SPEED) BROWSE DEBUG OBJECTEXTEND PRINT(.
                    -\Listings\qestion1.lst) TABS(2) OBJECT(.\Objects\qestion1.obj)

line level    source

   1          #include<reg52.h>
   2          #include<intrins.h>
   3          #define uchar unsigned char
   4          #define uint unsigned int 
   5          #define INTERRUPT_FLAG ET0
   6          uchar tt,aa;
   7          //sbit d1=P2^0;
   8           
   9          void main()
  10          {
  11   1        INTERRUPT_FLAG=1;
  12   1        TMOD=0x01;      
  13   1        EA=1;
  14   1        TH0=(65536-50000)/256;
  15   1        TL0=(65536-50000)%256;
  16   1        ET0=1;
  17   1        TR0=1;
  18   1        aa=0xfe;
  19   1        while(1)
  20   1        {
  21   2            
  22   2            if(tt==100)
  23   2            {
  24   3            tt=0;
  25   3            P2=aa;
  26   3            aa=_crol_(aa,1);
  27   3            }
  28   2          }
  29   1      }     
  30           
  31           
  32            void exter() interrupt 1
  33            {
  34   1        TH0=(65536-50000)/256;
  35   1        TL0=(65536-50000)%256;
  36   1          tt++;
  37   1        }  
  38          
  39          
  40          
  41          
  42          
  43          


MODULE INFORMATION:   STATIC OVERLAYABLE
   CODE SIZE        =     55    ----
   CONSTANT SIZE    =   ----    ----
   XDATA SIZE       =   ----    ----
   PDATA SIZE       =   ----    ----
   DATA SIZE        =      2    ----
   IDATA SIZE       =   ----    ----
   BIT SIZE         =   ----    ----
END OF MODULE INFORMATION.

C51 COMPILER V9.54   QESTION1                                                              10/17/2023 15:17:18 PAGE 2   


C51 COMPILATION COMPLETE.  0 WARNING(S),  0 ERROR(S)
