C51 COMPILER V9.00   MAIN                                                                  04/12/2024 17:23:04 PAGE 1   


C51 COMPILER V9.00, COMPILATION OF MODULE MAIN
OBJECT MODULE PLACED IN main.OBJ
COMPILER INVOKED BY: E:\Keil4\C51\BIN\C51.EXE main.c BROWSE DEBUG OBJECTEXTEND

line level    source

   1          #include <reg51.h>
   2          #include <intrins.h>
   3           
   4          typedef unsigned char u8;
   5          typedef unsigned int u16;
   6           
   7          sbit SRCLK=P3^6;
   8          sbit RCLK=P3^5;
   9          sbit SER=P3^4;
  10           
  11          u8 code ledduan[][8]={{0x00,0x00,0x32,0x49,0x49,0x49,0x3e,0x00},     //9
  12                                {0x00,0x00,0x36,0x49,0x49,0x49,0x36,0x00},     //8
  13                                {0x00,0x00,0x40,0x40,0x4f,0x50,0x60,0x00},     //7
  14                                {0x00,0x00,0x3e,0x49,0x49,0x49,0x26,0x00},     //6
  15                                {0x00,0x00,0x72,0x51,0x51,0x51,0x4e,0x00},     //5
  16                                {0x00,0x00,0x0c,0x14,0x24,0x7f,0x04,0x00},     //4
  17                                {0x00,0x00,0x2a,0x49,0x49,0x49,0x36,0x00},     //3
  18                                {0x00,0x00,0x27,0x45,0x45,0x45,0x39,0x00},     //2
  19                                {0x00,0x00,0x00,0x21,0x7f,0x01,0x00,0x00},     //1
  20                                {0x00,0x00,0x3e,0x41,0x41,0x41,0x3e,0x00}};    //0
  21          
  22          
  23          //u8 code ledduan[3][8]={{0x00,0x00,0x81,0xFF,0xFF,0x81,0x00,0x00},     //I
  24          //                      {0x38,0x7C,0x7E,0x3F,0x3F,0x7E,0x7C,0x38},     //ai 
  25          //                      {0x00,0xFE,0x01,0x01,0x01,0x01,0xFE,0x00},};   //U
  26           
  27          u8 ledwei[]={0x7f,0xbf,0xdf,0xef,0xf7,0xfb,0xfd,0xfe}; 
  28           
  29           
  30          void delay(u16 i)
  31          {
  32   1              while(i--);
  33   1      }
  34           
  35          void Hc595SendByte(u8 dat)
  36          {
  37   1         u8 i;
  38   1         SRCLK=0;
  39   1               RCLK=0;
  40   1         for(i=0;i<8;i++)
  41   1         {
  42   2                      SER=dat>>7;
  43   2                      dat<<=1;
  44   2                       
  45   2                      SRCLK=1;
  46   2          _nop_();
  47   2                      _nop_();
  48   2                      SRCLK=0;
  49   2         }
  50   1               RCLK=1;
  51   1               _nop_();
  52   1               _nop_();
  53   1               RCLK=0; 
  54   1      }
  55           
C51 COMPILER V9.00   MAIN                                                                  04/12/2024 17:23:04 PAGE 2   

  56          int main()
  57          {
  58   1              u16 i,j,k;
  59   1              while(1)
  60   1              {                                                
  61   2                      for(j=0;j<80;j++)                           //控制数字到下一个数字的速度
  62   2                      {
  63   3                              for(i=0;i<8;i++)
  64   3                              {
  65   4                                      P0=ledwei[i];
  66   4      //                              delay(5000);    
  67   4                                      Hc595SendByte(ledduan[k][i]);
  68   4                                      delay(150);                             
  69   4                                      Hc595SendByte(0x00);
  70   4                              }
  71   3                      }
  72   2                      k++;                                       //ldeduan的数组++
  73   2                if(k>=10)                                    //当k>=10,
  74   2                      {
  75   3                              k=0;                                   //k=0
  76   3                      }
  77   2              }
  78   1      }


MODULE INFORMATION:   STATIC OVERLAYABLE
   CODE SIZE        =    159    ----
   CONSTANT SIZE    =     80    ----
   XDATA SIZE       =   ----    ----
   PDATA SIZE       =   ----    ----
   DATA SIZE        =      8       4
   IDATA SIZE       =   ----    ----
   BIT SIZE         =   ----    ----
END OF MODULE INFORMATION.


C51 COMPILATION COMPLETE.  0 WARNING(S),  0 ERROR(S)
