C51 COMPILER V9.00   MAIN                                                                  03/26/2024 15:49:50 PAGE 1   


C51 COMPILER V9.00, COMPILATION OF MODULE MAIN
OBJECT MODULE PLACED IN .\Obj\main.obj
COMPILER INVOKED BY: E:\Keil4\C51\BIN\C51.EXE User\main.c BROWSE INCDIR(.\App\24c02;.\App\iic;.\App\key;.\App\smg;.\Publ
                    -ic;.\App\ds18b20) DEBUG OBJECTEXTEND PRINT(.\Obj\main.lst) OBJECT(.\Obj\main.obj)

line level    source

   1          /**************************************************************************************
   2          深圳市普中科技有限公司（PRECHIN 普中）
   3          技术支持：www.prechin.net
   4          PRECHIN
   5           普中
   6          
   7          实验名称：DS18B20温度传感器实验
   8          接线说明：      
   9          实验现象：下载程序后，插上DS18B20温度传感器，数码管显示检测的温度值
  10          注意事项：注意温度传感器的方向，在接口处我们已经用丝印画了一个凸起，
  11                            所以只需要将温度传感器对应插入即可                                                                                                                                                              
  12          ***************************************************************************************/
  13          #include "public.h"
  14          #include "smg.h"
  15          #include "ds18b20.h"
  16          
  17          
  18          /*******************************************************************************
  19          * 函 数 名       : main
  20          * 函数功能               : 主函数
  21          * 输    入       : 无
  22          * 输    出       : 无
  23          *******************************************************************************/
  24          void main()
  25          {       
  26   1              u8 i=0;
  27   1              int temp_value;
  28   1              u8 temp_buf[5];
  29   1      
  30   1              ds18b20_init();//初始化DS18B20
  31   1      
  32   1              while(1)
  33   1              {                               
  34   2                      i++;
  35   2                      if(i%50==0)//间隔一段时间读取温度值，间隔时间要大于温度传感器转换温度时间
  36   2                              temp_value=ds18b20_read_temperture()*10;//保留温度值小数后一位
  37   2                      if(temp_value<0)//负温度
  38   2                      {
  39   3                              temp_value=-temp_value;
  40   3                              temp_buf[0]=0x40;//显示负号     
  41   3                      }
  42   2                      else
  43   2                              temp_buf[0]=0x00;//不显示
  44   2                      temp_buf[1]=gsmg_code[temp_value/1000];//百位
  45   2                      temp_buf[2]=gsmg_code[temp_value%1000/100];//十位
  46   2                      temp_buf[3]=gsmg_code[temp_value%1000%100/10]|0x80;//个位+小数点
  47   2                      temp_buf[4]=gsmg_code[temp_value%1000%100%10];//小数点后一位
  48   2                      smg_display(temp_buf,4);
  49   2              }               
  50   1      }


MODULE INFORMATION:   STATIC OVERLAYABLE
   CODE SIZE        =    184    ----
C51 COMPILER V9.00   MAIN                                                                  03/26/2024 15:49:50 PAGE 2   

   CONSTANT SIZE    =   ----    ----
   XDATA SIZE       =   ----    ----
   PDATA SIZE       =   ----    ----
   DATA SIZE        =   ----       8
   IDATA SIZE       =   ----    ----
   BIT SIZE         =   ----    ----
END OF MODULE INFORMATION.


C51 COMPILATION COMPLETE.  0 WARNING(S),  0 ERROR(S)
