C51 COMPILER V9.57.0.0   MAIN                                                              03/29/2024 18:05:55 PAGE 1   


C51 COMPILER V9.57.0.0, COMPILATION OF MODULE MAIN
OBJECT MODULE PLACED IN main.OBJ
COMPILER INVOKED BY: D:\keil_v5\C51\BIN\C51.EXE main.c OPTIMIZE(8,SPEED) BROWSE DEBUG OBJECTEXTEND TABS(2)

line level    source

   1          /*******************************************************************************
   2          * 实验名         :温度显示实验
   3          * 使用的IO       : 
   4          * 实验效果       :1602显示温度
   5          * 注意           ：
   6          *******************************************************************************/
   7          
   8          #include<reg51.h>
   9          #include"lcd.h"
  10          #include"temp.h"
  11          
  12          uchar CNCHAR[6] = "摄氏度";
  13          void LcdDisplay(float);
  14          void UsartConfiguration();
  15          
  16          /*******************************************************************************
  17          * 函数名         : main
  18          * 函数功能       : 主函数
  19          * 输入           : 无
  20          * 输出           : 无
  21          *******************************************************************************/
  22          
  23          void main()
  24          {
  25   1        UsartConfiguration();
  26   1        LcdInit();       //初始化LCD1602
  27   1        LcdWriteCom(0x88);  //写地址 80表示初始地址
  28   1        LcdWriteData('C'); 
  29   1        while(1)
  30   1        {
  31   2          LcdDisplay(Ds18b20ReadTemp());
  32   2      //    Delay1ms(1000);//1s钟刷一次
  33   2        }
  34   1      }
  35          
  36          /*******************************************************************************
  37          * 函数名         : LcdDisplay()
  38          * 函数功能       : LCD显示读取到的温度
  39          * 输入           : v
  40          * 输出           : 无
  41          *******************************************************************************/
  42          
  43          /*******************************************************************************
  44          * 函数名称    : LcdDisplay
  45          * 函数功能    : 显示摄氏度温度
  46          * 输入参数    : temp_celsius - 摄氏度温度值
  47          * 输出参数    : 无
  48          *******************************************************************************/
  49          void LcdDisplay(float temp_celsius) {
  50   1          unsigned char datas[] = {0, 0, 0, 0, 0, 0, 0}; // 存储温度数据
  51   1          unsigned int temp_int;
  52   1          unsigned int temp_decimal;
  53   1          unsigned char i;
  54   1      
  55   1          // 分离整数部分和小数部分
C51 COMPILER V9.57.0.0   MAIN                                                              03/29/2024 18:05:55 PAGE 2   

  56   1          temp_int = (unsigned int)temp_celsius;
  57   1          temp_decimal = (unsigned int)((temp_celsius - temp_int) * 10000);
  58   1      
  59   1          // 提取温度整数部分的每一位
  60   1          datas[0] = temp_int / 10 % 10; // 十位
  61   1          datas[1] = temp_int % 10;      // 个位
  62   1      
  63   1          // 提取温度小数部分的每一位
  64   1          datas[2] = temp_decimal / 1000; // 千位
  65   1          datas[3] = temp_decimal / 100 % 10; // 百位
  66   1          datas[4] = temp_decimal / 10 % 10;  // 十位
  67   1          datas[5] = temp_decimal % 10;       // 个位
  68   1      
  69   1          // 温度整数部分的第一行显示
  70   1          LcdWriteCom(0x80); // 设置显示位置为第一行第一个位置
  71   1          LcdWriteData('T'); // 温度标题
  72   1          LcdWriteData('e');
  73   1          LcdWriteData('m');
  74   1          LcdWriteData('p');
  75   1          LcdWriteData('e');
  76   1          LcdWriteData('r');
  77   1          LcdWriteData('a');
  78   1          LcdWriteData('t');
  79   1          LcdWriteData('u');
  80   1          LcdWriteData('r');
  81   1          LcdWriteData('e');
  82   1          LcdWriteData(':');
  83   1      
  84   1          // 温度数值的第二行显示
  85   1          LcdWriteCom(0xC0); // 设置显示位置为第二行第一个位置
  86   1          LcdWriteData(' '); // 温度整数部分的第一个空格
  87   1          LcdWriteData(' '); // 温度整数部分的第二个空格
  88   1          LcdWriteData('0' + datas[0]); // 温度整数部分
  89   1          LcdWriteData('0' + datas[1]);
  90   1          LcdWriteData('.');
  91   1      
  92   1          LcdWriteData('0' + datas[2]); // 温度小数部分
  93   1          LcdWriteData('0' + datas[3]);
  94   1          LcdWriteData('0' + datas[4]);
  95   1          LcdWriteData('0' + datas[5]);
  96   1          LcdWriteData('C'); // 摄氏度符号
  97   1      }
*** WARNING C280 IN LINE 53 OF main.c: 'i': unreferenced local variable
  98          
  99          
 100          
 101          
 102          /*******************************************************************************
 103          * 函 数 名         :UsartConfiguration()
 104          * 函数功能       :设置串口
 105          * 输    入         : 无
 106          * 输    出         : 无
 107          *******************************************************************************/
 108          
 109          void UsartConfiguration()
 110          {
 111   1        SCON=0X50;      //设置为工作方式1
 112   1        TMOD=0X20;      //设置计数器工作方式2
 113   1        PCON=0X80;      //波特率加倍
 114   1        TH1=0XF3;       //计数器初始值设置，注意波特率是4800的
 115   1        TL1=0XF3;
 116   1      //  ES=1;           //打开接收中断
C51 COMPILER V9.57.0.0   MAIN                                                              03/29/2024 18:05:55 PAGE 3   

 117   1      //  EA=1;           //打开总中断
 118   1        TR1=1;          //打开计数器
 119   1      }


MODULE INFORMATION:   STATIC OVERLAYABLE
   CODE SIZE        =    366    ----
   CONSTANT SIZE    =      7    ----
   XDATA SIZE       =   ----    ----
   PDATA SIZE       =   ----    ----
   DATA SIZE        =      6      14
   IDATA SIZE       =   ----    ----
   BIT SIZE         =   ----    ----
END OF MODULE INFORMATION.


C51 COMPILATION COMPLETE.  1 WARNING(S),  0 ERROR(S)
