C51 COMPILER V9.00   MAIN                                                                  03/08/2024 12:40:58 PAGE 1   


C51 COMPILER V9.00, COMPILATION OF MODULE MAIN
OBJECT MODULE PLACED IN .\Objects\main.obj
COMPILER INVOKED BY: E:\Keil4\C51\BIN\C51.EXE User\main.c LARGE BROWSE INCDIR(.\App;.\App\24c02;.\App\smg;.\App\24c02;.\
                    -App\iic;.\App\serial_debug;.\Public) DEBUG OBJECTEXTEND PRINT(.\Listings\main.lst) OBJECT(.\Objects\main.obj)

line level    source

   1          #include<reg52.h>
   2          #include<24c02.h>
   3          //#include<serial_debug.h>
   4          
   5          #define EEPROM_ADDRESS  0       //定义数据存入EEPROM的起始地址
   6          
   7          //定义数码管引脚
   8          sbit LSA=P2^2;
   9          sbit LSB=P2^3;
  10          sbit LSC=P2^4;
  11          
  12          //定义数码管显示
  13          u8 code smgduan[17]={0x3f,0x06,0x5b,0x4f,0x66,0x6d,0x7d,0x07,
  14                                                  0x7f,0x6f,0x77,0x7c,0x39,0x5e,0x79,0x71};//显示0~F的值
  15          
  16          u8 s = 0;
  17          u8 mb[2];
  18          u8 sec = 0;
  19          
  20          /*******************************************************************************
  21          * 函 数 名         : Timer0Init
  22          * 函数功能                 : 定时器0初始化
  23          * 输    入         : 无
  24          * 输    出         : 无
  25          *******************************************************************************/
  26          void Timer0Init()
  27          {
  28   1              TMOD|=0X01;//选择为定时器0模式，工作方式1，仅用TR0打开启动。
  29   1              TH0=0XFC;       //给定时器赋初值，定时1ms
  30   1              TL0=0X18;       
  31   1              TR0=1;//打开定时器                      
  32   1      }
  33          
  34          /*******************************************************************************
  35          * 函 数 名         : DigDisplay
  36          * 函数功能                 : 数码管动态扫描函数，循环扫描2个数码管显示
  37          *******************************************************************************/
  38          void DigDisplay()
  39          {
  40   1              u8 i;
  41   1              for(i=0;i<2;i++)
  42   1              {
  43   2                      switch(i)        //位选，选择点亮的数码管，
  44   2                      {
  45   3                              case 0: LSC=1;LSB=1;LSA=1;break;
  46   3                              case 1: LSC=1;LSB=1;LSA=0;break;
  47   3                              case 2: LSC=1;LSB=0;LSA=1;break;
  48   3                              case 3: LSC=1;LSB=0;LSA=0;break;
  49   3                              case 4: LSC=0;LSB=1;LSA=1;break;
  50   3                              case 5: LSC=0;LSB=1;LSA=0;break;
  51   3                              case 6: LSC=0;LSB=0;LSA=1;break;
  52   3                              case 7: LSC=0;LSB=0;LSA=0;break;        
  53   3                      }
  54   2                      P0=smgduan[mb[i]];//发送段码
C51 COMPILER V9.00   MAIN                                                                  03/08/2024 12:40:58 PAGE 2   

  55   2                      delay(1); //间隔一段时间扫描    
  56   2                      P0=0x00;//消隐
  57   2              }
  58   1      }
  59          
  60          /*******************************************************************************
  61          * 函 数 名       : main
  62          * 函数功能               : 主函数
  63          * 输    入       : 无
  64          * 输    出       : 无
  65          *******************************************************************************/
  66          void main()
  67          {       
  68   1              Timer0Init();
  69   1              while(1)
  70   1              {
  71   2                      sec = at24c02_read_one_byte(EEPROM_ADDRESS);
  72   2      
  73   2                              if(TF0==1)
  74   2                      {
  75   3                              TF0=0;
  76   3                              TH0=0XFC;       //给定时器赋初值，定时1ms
  77   3                              TL0=0X18;
  78   3                              s++;
  79   3                      }
  80   2                      if(s==100)               //时延
  81   2                      {       
  82   3                              s = 0;
  83   3                              sec++;
  84   3                              if(sec==100) sec=0;      //计时到99秒后重新开始
  85   3                              at24c02_write_one_byte(EEPROM_ADDRESS,sec);
  86   3                      }
  87   2                      mb[0]=sec%10;      //秒表个位
  88   2                  mb[1]=sec/10;          //秒表十位
  89   2                      DigDisplay();
  90   2              }
  91   1      }


MODULE INFORMATION:   STATIC OVERLAYABLE
   CODE SIZE        =    236    ----
   CONSTANT SIZE    =     17    ----
   XDATA SIZE       =      4       1
   PDATA SIZE       =   ----    ----
   DATA SIZE        =   ----    ----
   IDATA SIZE       =   ----    ----
   BIT SIZE         =   ----    ----
END OF MODULE INFORMATION.


C51 COMPILATION COMPLETE.  0 WARNING(S),  0 ERROR(S)
