C51 COMPILER V9.00   PUBLIC                                                                03/08/2024 12:34:59 PAGE 1   


C51 COMPILER V9.00, COMPILATION OF MODULE PUBLIC
OBJECT MODULE PLACED IN .\Objects\public.obj
COMPILER INVOKED BY: E:\Keil4\C51\BIN\C51.EXE Public\public.c LARGE BROWSE INCDIR(.\App\24c02;.\App\iic;.\App\serial_deb
                    -ug;.\Public) DEBUG OBJECTEXTEND PRINT(.\Listings\public.lst) OBJECT(.\Objects\public.obj)

line level    source

   1          #include "public.h"
   2          
   3          /*******************************************************************************
   4          * 函 数 名       : delay_10us
   5          * 函数功能               : 延时函数，ten_us=1时，大约延时10us
   6          * 输    入       : ten_us
   7          * 输    出       : 无
   8          *******************************************************************************/
   9          void delay_10us(u16 ten_us)
  10          {
  11   1              while(ten_us--);        
  12   1      }
  13          
  14          /*******************************************************************************
  15          * 函 数 名       : delay_ms
  16          * 函数功能               : ms延时函数，ms=1时，大约延时1ms
  17          * 输    入       : ms：ms延时时间
  18          * 输    出       : 无
  19          *******************************************************************************/
  20          void delay_ms(u16 ms)
  21          {
  22   1              u16 i,j;
  23   1              for(i=ms;i>0;i--)
  24   1                      for(j=110;j>0;j--);
  25   1      }
  26          
  27          /*******************************************************************************
  28          * 函 数 名         : delay
  29          * 函数功能                 : 延时函数，i=1时，大约延时10us
  30          *******************************************************************************/
  31          void delay(u16 i)
  32          {
  33   1              while(i--);     
  34   1      }


MODULE INFORMATION:   STATIC OVERLAYABLE
   CODE SIZE        =     52    ----
   CONSTANT SIZE    =   ----    ----
   XDATA SIZE       =   ----    ----
   PDATA SIZE       =   ----    ----
   DATA SIZE        =   ----    ----
   IDATA SIZE       =   ----    ----
   BIT SIZE         =   ----    ----
END OF MODULE INFORMATION.


C51 COMPILATION COMPLETE.  0 WARNING(S),  0 ERROR(S)
